Using pre-set license
Built from '2020.3/staging' branch; Version is '2020.3.26f1 (7298b473bc1a) revision 7510196'; Using compiler version '192528614'; Build Type 'Release'
OS: 'Windows 10  (10.0.17763) 64bit EnterpriseS' Language: 'ru' Physical Memory: 8116 MB
BatchMode: 1, IsHumanControllingUs: 0, StartBugReporterOnCrash: 0, Is64bit: 1, IsPro: 0

COMMAND LINE ARGUMENTS:
D:\Soft\Unity\2020.3.26f1\Editor\Unity.exe
-adb2
-batchMode
-noUpm
-name
AssetImportWorker0
-projectPath
D:/Gamedev/My Unity Projects/FastHandGame/Fast Hand
-logFile
Logs/AssetImportWorker0.log
-srvPort
63620
Successfully changed project path to: D:/Gamedev/My Unity Projects/FastHandGame/Fast Hand
D:/Gamedev/My Unity Projects/FastHandGame/Fast Hand
Using Asset Import Pipeline V2.
Refreshing native plugins compatible for Editor in 138.05 ms, found 2 plugins.
Preloading 0 native plugins for Editor in 0.00 ms.
Initialize engine version: 2020.3.26f1 (7298b473bc1a)
[Subsystems] Discovering subsystems at path D:/Soft/Unity/2020.3.26f1/Editor/Data/Resources/UnitySubsystems
[Subsystems] Discovering subsystems at path D:/Gamedev/My Unity Projects/FastHandGame/Fast Hand/Assets
GfxDevice: creating device client; threaded=0
Direct3D:
    Version:  Direct3D 11.0 [level 11.0]
    Renderer: NVIDIA GeForce 840M (ID=0x1341)
    Vendor:   
    VRAM:     2010 MB
    Driver:   30.0.15.1179
Initialize mono
Mono path[0] = 'D:/Soft/Unity/2020.3.26f1/Editor/Data/Managed'
Mono path[1] = 'D:/Soft/Unity/2020.3.26f1/Editor/Data/MonoBleedingEdge/lib/mono/unityjit'
Mono config path = 'D:/Soft/Unity/2020.3.26f1/Editor/Data/MonoBleedingEdge/etc'
Using monoOptions --debugger-agent=transport=dt_socket,embedding=1,server=y,suspend=n,address=127.0.0.1:56944
Begin MonoManager ReloadAssembly
Registering precompiled unity dll's ...
Register platform support module: D:/Soft/Unity/2020.3.26f1/Editor/Data/PlaybackEngines/WebGLSupport/UnityEditor.WebGL.Extensions.dll
Register platform support module: D:/Soft/Unity/2020.3.26f1/Editor/Data/PlaybackEngines/WindowsStandaloneSupport/UnityEditor.WindowsStandalone.Extensions.dll
Registered in 0.005888 seconds.
Native extension for WindowsStandalone target not found
Native extension for WebGL target not found
Refreshing native plugins compatible for Editor in 133.58 ms, found 2 plugins.
Preloading 0 native plugins for Editor in 0.00 ms.
Mono: successfully reloaded assembly
- Completed reload, in  1.066 seconds
Domain Reload Profiling:
	ReloadAssembly (1066ms)
		BeginReloadAssembly (74ms)
			ExecutionOrderSort (0ms)
			DisableScriptedObjects (0ms)
			BackupInstance (0ms)
			ReleaseScriptingObjects (0ms)
			CreateAndSetChildDomain (1ms)
		EndReloadAssembly (864ms)
			LoadAssemblies (70ms)
			RebuildTransferFunctionScriptingTraits (0ms)
			SetupTypeCache (254ms)
			ReleaseScriptCaches (0ms)
			RebuildScriptCaches (46ms)
			SetupLoadedEditorAssemblies (349ms)
				LogAssemblyErrors (0ms)
				InitializePlatformSupportModulesInManaged (8ms)
				SetLoadedEditorAssemblies (0ms)
				RefreshPlugins (134ms)
				BeforeProcessingInitializeOnLoad (18ms)
				ProcessInitializeOnLoadAttributes (130ms)
				ProcessInitializeOnLoadMethodAttributes (57ms)
				AfterProcessingInitializeOnLoad (0ms)
				EditorAssembliesLoaded (0ms)
			ExecutionOrderSort2 (0ms)
			AwakeInstancesAfterBackupRestoration (0ms)
Platform modules already initialized, skipping
Registering precompiled user dll's ...
Registered in 0.012261 seconds.
Begin MonoManager ReloadAssembly
Native extension for WindowsStandalone target not found
Native extension for WebGL target not found
Refreshing native plugins compatible for Editor in 0.96 ms, found 2 plugins.
Preloading 0 native plugins for Editor in 0.00 ms.
Mono: successfully reloaded assembly
- Completed reload, in  1.655 seconds
Domain Reload Profiling:
	ReloadAssembly (1656ms)
		BeginReloadAssembly (208ms)
			ExecutionOrderSort (0ms)
			DisableScriptedObjects (8ms)
			BackupInstance (0ms)
			ReleaseScriptingObjects (0ms)
			CreateAndSetChildDomain (29ms)
		EndReloadAssembly (1350ms)
			LoadAssemblies (131ms)
			RebuildTransferFunctionScriptingTraits (0ms)
			SetupTypeCache (531ms)
			ReleaseScriptCaches (1ms)
			RebuildScriptCaches (73ms)
			SetupLoadedEditorAssemblies (453ms)
				LogAssemblyErrors (0ms)
				InitializePlatformSupportModulesInManaged (8ms)
				SetLoadedEditorAssemblies (1ms)
				RefreshPlugins (1ms)
				BeforeProcessingInitializeOnLoad (134ms)
				ProcessInitializeOnLoadAttributes (286ms)
				ProcessInitializeOnLoadMethodAttributes (13ms)
				AfterProcessingInitializeOnLoad (10ms)
				EditorAssembliesLoaded (0ms)
			ExecutionOrderSort2 (0ms)
			AwakeInstancesAfterBackupRestoration (9ms)
Platform modules already initialized, skipping
========================================================================
Worker process is ready to serve import requests
Launched and connected shader compiler UnityShaderCompiler.exe after 0.05 seconds
Refreshing native plugins compatible for Editor in 0.94 ms, found 2 plugins.
Preloading 0 native plugins for Editor in 0.00 ms.
Unloading 2183 Unused Serialized files (Serialized files now loaded: 0)
System memory in use before: 89.9 MB.
System memory in use after: 90.0 MB.

Unloading 26 unused Assets to reduce memory usage. Loaded Objects now: 2616.
Total: 5.339600 ms (FindLiveObjects: 0.292100 ms CreateObjectMapping: 0.123400 ms MarkObjects: 4.825700 ms  DeleteObjects: 0.096500 ms)

AssetImportParameters requested are different than current active one (requested -> active):
  custom:framework-win-MediaFoundation: 216162199b28c13a410421893ffa2e32 -> 
  custom:video-decoder-ogg-theora: a1e56fd34408186e4bbccfd4996cb3dc -> 
  custom:container-muxer-webm: aa71ff27fc2769a1b78a27578f13a17b -> 
  custom:container-demuxer-webm: 4f35f7cbe854078d1ac9338744f61a02 -> 
  custom:container-demuxer-ogg: 62fdf1f143b41e24485cea50d1cbac27 -> 
  custom:video-encoder-webm-vp8: eb34c28f22e8b96e1ab97ce403110664 -> 
  custom:video-decoder-webm-vp8: 9c59270c3fd7afecdb556c50c9e8de78 -> 
  custom:audio-decoder-ogg-vorbis: bf7c407c2cedff20999df2af8eb42d56 -> 
  custom:audio-encoder-webm-vorbis: bf7c407c2cedff20999df2af8eb42d56 -> 
========================================================================
Received Import Request.
  path: Assets/Resources/Prefabs/Gun.prefab
  artifactKey: Guid(ef36972f52579f845a57db1908de604e) Importer(815301076,1909f56bfc062723c751e8b465ee728b)
Start importing Assets/Resources/Prefabs/Gun.prefab using Guid(ef36972f52579f845a57db1908de604e) Importer(815301076,1909f56bfc062723c751e8b465ee728b)  -> (artifact id: '81b15f96710ae8b1ce49d4b7093b51ce') in 0.689128 seconds 
  Import took 0.716514 seconds .

========================================================================
Received Import Request.
  Time since last request: 46.129978 seconds.
  path: Assets/Code/Guns/PlayerGun.cs
  artifactKey: Guid(5f58032734917c246bc7475feb72a56f) Importer(815301076,1909f56bfc062723c751e8b465ee728b)
Start importing Assets/Code/Guns/PlayerGun.cs using Guid(5f58032734917c246bc7475feb72a56f) Importer(815301076,1909f56bfc062723c751e8b465ee728b)  -> (artifact id: '5cfa9e241a405b303438f48444d99f43') in 0.032229 seconds 
  Import took 0.108766 seconds .

========================================================================
Received Prepare
Refreshing native plugins compatible for Editor in 7.17 ms, found 2 plugins.
Preloading 0 native plugins for Editor in 0.00 ms.
Unloading 19 Unused Serialized files (Serialized files now loaded: 0)
System memory in use before: 49.9 MB.
System memory in use after: 50.1 MB.

Unloading 19 unused Assets to reduce memory usage. Loaded Objects now: 2624.
Total: 5.592200 ms (FindLiveObjects: 0.292100 ms CreateObjectMapping: 0.133500 ms MarkObjects: 5.136400 ms  DeleteObjects: 0.028500 ms)

AssetImportParameters requested are different than current active one (requested -> active):
  custom:framework-win-MediaFoundation: 216162199b28c13a410421893ffa2e32 -> 
  custom:video-decoder-ogg-theora: a1e56fd34408186e4bbccfd4996cb3dc -> 
  custom:container-muxer-webm: aa71ff27fc2769a1b78a27578f13a17b -> 
  custom:container-demuxer-webm: 4f35f7cbe854078d1ac9338744f61a02 -> 
  custom:container-demuxer-ogg: 62fdf1f143b41e24485cea50d1cbac27 -> 
  custom:video-encoder-webm-vp8: eb34c28f22e8b96e1ab97ce403110664 -> 
  custom:video-decoder-webm-vp8: 9c59270c3fd7afecdb556c50c9e8de78 -> 
  custom:audio-decoder-ogg-vorbis: bf7c407c2cedff20999df2af8eb42d56 -> 
  custom:audio-encoder-webm-vorbis: bf7c407c2cedff20999df2af8eb42d56 -> 
========================================================================
Received Import Request.
  Time since last request: 346.690765 seconds.
  path: Assets/Code/Infrastructure/Installers/CanvasInstaller.cs
  artifactKey: Guid(c641fd18c32576e4a81478bb57d605c9) Importer(815301076,1909f56bfc062723c751e8b465ee728b)
Start importing Assets/Code/Infrastructure/Installers/CanvasInstaller.cs using Guid(c641fd18c32576e4a81478bb57d605c9) Importer(815301076,1909f56bfc062723c751e8b465ee728b)  -> (artifact id: '6fb5d40cde99e69d2eb86b4a8594a1a7') in 0.004688 seconds 
  Import took 0.079532 seconds .

========================================================================
Received Import Request.
  Time since last request: 1.297971 seconds.
  path: Assets/Code/Infrastructure/Installers/CountdownInstaller.cs
  artifactKey: Guid(662a524d71384650bfcdce2475760b3a) Importer(815301076,1909f56bfc062723c751e8b465ee728b)
Start importing Assets/Code/Infrastructure/Installers/CountdownInstaller.cs using Guid(662a524d71384650bfcdce2475760b3a) Importer(815301076,1909f56bfc062723c751e8b465ee728b)  -> (artifact id: '6e30d7dc00450d22a9e5ed7e9687fc77') in 0.005654 seconds 
  Import took 0.166552 seconds .

========================================================================
Received Import Request.
  Time since last request: 0.606752 seconds.
  path: Assets/Code/Infrastructure/Installers/CrosshairInstaller.cs
  artifactKey: Guid(15d50d2e64cb471a9f7a9cd2501994b6) Importer(815301076,1909f56bfc062723c751e8b465ee728b)
Start importing Assets/Code/Infrastructure/Installers/CrosshairInstaller.cs using Guid(15d50d2e64cb471a9f7a9cd2501994b6) Importer(815301076,1909f56bfc062723c751e8b465ee728b)  -> (artifact id: 'ec38164263d25aaec9a99617528cc1ba') in 0.009775 seconds 
  Import took 0.392845 seconds .

========================================================================
Received Import Request.
  Time since last request: 3.707607 seconds.
  path: Assets/Code/Infrastructure/Installers/PlayerCharacterInstaller.cs
  artifactKey: Guid(eb2e041c9bb54cfb83caf58b90736d7b) Importer(815301076,1909f56bfc062723c751e8b465ee728b)
Start importing Assets/Code/Infrastructure/Installers/PlayerCharacterInstaller.cs using Guid(eb2e041c9bb54cfb83caf58b90736d7b) Importer(815301076,1909f56bfc062723c751e8b465ee728b)  -> (artifact id: '6181d607662950fe886a0e62d2768ea1') in 0.004378 seconds 
  Import took 0.058127 seconds .

========================================================================
Received Import Request.
  Time since last request: 747.822380 seconds.
  path: Assets/Code/Infrastructure/Installers/CanvasInstaller.cs
  artifactKey: Guid(c641fd18c32576e4a81478bb57d605c9) Importer(815301076,1909f56bfc062723c751e8b465ee728b)
Start importing Assets/Code/Infrastructure/Installers/CanvasInstaller.cs using Guid(c641fd18c32576e4a81478bb57d605c9) Importer(815301076,1909f56bfc062723c751e8b465ee728b)  -> (artifact id: '645a93227c2e995a651019822c61db3e') in 0.035440 seconds 
  Import took 0.129220 seconds .

AssetImportWorkerClient::OnTransportError - code=2 error=End of file
